#
# There is insufficient memory for the Java Runtime Environment to continue.
# Native memory allocation (mmap) failed to map 266338304 bytes for Failed to commit area from 0x00000000c0000000 to 0x00000000cfe00000 of length 266338304.
# Possible reasons:
#   The system is out of physical RAM or swap space
#   In 32 bit mode, the process size limit was hit
# Possible solutions:
#   Reduce memory load on the system
#   Increase physical memory or swap space
#   Check if swap backing store is full
#   Use 64 bit Java on a 64 bit OS
#   Decrease Java heap size (-Xmx/-Xms)
#   Decrease number of Java threads
#   Decrease Java thread stack sizes (-Xss)
#   Set larger code cache with -XX:ReservedCodeCacheSize=
# This output file may be truncated or incomplete.
#
#  Out of Memory Error (os_windows.cpp:3331), pid=43908, tid=0x0000000000003344
#
# JRE version:  (8.0_181-b13) (build )
# Java VM: Java HotSpot(TM) 64-Bit Server VM (25.181-b13 mixed mode windows-amd64 compressed oops)
# Failed to write core dump. Minidumps are not enabled by default on client versions of Windows
#

---------------  T H R E A D  ---------------

Current thread (0x00000000032a2800):  JavaThread "Unknown thread" [_thread_in_vm, id=13124, stack(0x0000000003170000,0x0000000003270000)]

Stack: [0x0000000003170000,0x0000000003270000]
[error occurred during error reporting (printing stack bounds), id 0xc0000005]

Native frames: (J=compiled Java code, j=interpreted, Vv=VM code, C=native code)


---------------  P R O C E S S  ---------------

Java Threads: ( => current thread )

Other Threads:

=>0x00000000032a2800 (exited) JavaThread "Unknown thread" [_thread_in_vm, id=13124, stack(0x0000000003170000,0x0000000003270000)]

VM state:not at safepoint (not fully initialized)

VM Mutex/Monitor currently owned by a thread:  ([mutex/lock_event])
[0x00000000032a17d0] Heap_lock - owner thread: 0x00000000032a2800

GC Heap History (0 events):
No events

Deoptimization events (0 events):
No events

Classes redefined (0 events):
No events

Internal exceptions (0 events):
No events

Events (0 events):
No events


Dynamic libraries:
0x00007ff688080000 - 0x00007ff6880b7000 	C:\Program Files\Java\jdk1.8.0_181\bin\java.exe
0x00007ffa37ef0000 - 0x00007ffa380d1000 	C:\WINDOWS\SYSTEM32\ntdll.dll
0x00007ffa35a40000 - 0x00007ffa35af2000 	C:\WINDOWS\System32\KERNEL32.DLL
0x00007ffa343d0000 - 0x00007ffa34643000 	C:\WINDOWS\System32\KERNELBASE.dll
0x00007ffa37b30000 - 0x00007ffa37bd1000 	C:\WINDOWS\System32\ADVAPI32.dll
0x00007ffa35400000 - 0x00007ffa3549e000 	C:\WINDOWS\System32\msvcrt.dll
0x00007ffa37c20000 - 0x00007ffa37c7b000 	C:\WINDOWS\System32\sechost.dll
0x00007ffa354a0000 - 0x00007ffa355c4000 	C:\WINDOWS\System32\RPCRT4.dll
0x00007ffa37c80000 - 0x00007ffa37e10000 	C:\WINDOWS\System32\USER32.dll
0x00007ffa35360000 - 0x00007ffa35380000 	C:\WINDOWS\System32\win32u.dll
0x00007ffa375e0000 - 0x00007ffa37608000 	C:\WINDOWS\System32\GDI32.dll
0x00007ffa34a10000 - 0x00007ffa34ba2000 	C:\WINDOWS\System32\gdi32full.dll
0x00007ffa352c0000 - 0x00007ffa3535f000 	C:\WINDOWS\System32\msvcp_win.dll
0x00007ffa34650000 - 0x00007ffa3474a000 	C:\WINDOWS\System32\ucrtbase.dll
0x00007ffa23160000 - 0x00007ffa233c9000 	C:\WINDOWS\WinSxS\amd64_microsoft.windows.common-controls_6595b64144ccf1df_6.0.17134.345_none_fb429a5930656358\COMCTL32.dll
0x00007ffa37670000 - 0x00007ffa37993000 	C:\WINDOWS\System32\combase.dll
0x00007ffa347a0000 - 0x00007ffa3481a000 	C:\WINDOWS\System32\bcryptPrimitives.dll
0x00007ffa37be0000 - 0x00007ffa37c0d000 	C:\WINDOWS\System32\IMM32.DLL
0x000000006c9a0000 - 0x000000006ca72000 	C:\Program Files\Java\jdk1.8.0_181\jre\bin\msvcr100.dll
0x000000006c0f0000 - 0x000000006c992000 	C:\Program Files\Java\jdk1.8.0_181\jre\bin\server\jvm.dll
0x00007ffa37c10000 - 0x00007ffa37c18000 	C:\WINDOWS\System32\PSAPI.DLL
0x00007ffa22f70000 - 0x00007ffa22f79000 	C:\WINDOWS\SYSTEM32\WSOCK32.dll
0x00007ffa35bd0000 - 0x00007ffa35c3c000 	C:\WINDOWS\System32\WS2_32.dll
0x00007ffa32110000 - 0x00007ffa32133000 	C:\WINDOWS\SYSTEM32\WINMM.dll
0x00007ffa224c0000 - 0x00007ffa224ca000 	C:\WINDOWS\SYSTEM32\VERSION.dll
0x00007ffa320e0000 - 0x00007ffa3210a000 	C:\WINDOWS\SYSTEM32\WINMMBASE.dll
0x00007ffa34750000 - 0x00007ffa34799000 	C:\WINDOWS\System32\cfgmgr32.dll
0x000000006d270000 - 0x000000006d27f000 	C:\Program Files\Java\jdk1.8.0_181\jre\bin\verify.dll
0x000000006d240000 - 0x000000006d269000 	C:\Program Files\Java\jdk1.8.0_181\jre\bin\java.dll
0x000000006d220000 - 0x000000006d236000 	C:\Program Files\Java\jdk1.8.0_181\jre\bin\zip.dll

VM Arguments:
jvm_args: -Declipse.application=org.eclipse.jdt.ls.core.id1 -Dosgi.bundles.defaultStartLevel=4 -Declipse.product=org.eclipse.jdt.ls.core.product -Xverify:none -Xmx1G -XX:+UseG1GC -XX:+UseStringDeduplication 
java_command: C:\Users\a\.vscode\extensions\redhat.java-0.33.0\server\plugins\org.eclipse.equinox.launcher_1.5.200.v20180922-1751.jar -configuration C:\Users\a\.vscode\extensions\redhat.java-0.33.0\server\config_win -data c:\Users\a\AppData\Roaming\Code\User\workspaceStorage\04643d65cb3138dba65df5697da6f103\redhat.java\jdt_ws
java_class_path (initial): C:\Users\a\.vscode\extensions\redhat.java-0.33.0\server\plugins\org.eclipse.equinox.launcher_1.5.200.v20180922-1751.jar
Launcher Type: SUN_STANDARD

Environment Variables:
JAVA_HOME=C:\Program Files\Java\jdk1.8.0_181
PATH=C:\Program Files (x86)\Common Files\Oracle\Java\javapath;C:\Program Files\Docker\Docker\Resources\bin;C:\Program Files (x86)\Intel\iCLS Client\;C:\Program Files\Intel\iCLS Client\;C:\WINDOWS\system32;C:\WINDOWS;C:\WINDOWS\System32\Wbem;C:\WINDOWS\System32\WindowsPowerShell\v1.0\;C:\Program Files (x86)\Intel\Intel(R) Management Engine Components\DAL;C:\Program Files\Intel\Intel(R) Management Engine Components\DAL;C:\Program Files (x86)\Intel\Intel(R) Management Engine Components\IPT;C:\Program Files\Intel\Intel(R) Management Engine Components\IPT;C:\Program Files\Intel\WiFi\bin\;C:\Program Files\Common Files\Intel\WirelessCommon\;C:\WINDOWS\System32\OpenSSH\;C:\Program Files\Git\cmd;C:\Users\a\AppData\Local\Programs\Python\Python36\Scripts\;C:\Users\a\AppData\Local\Programs\Python\Python36\;C:\Users\a\AppData\Local\Microsoft\WindowsApps;;C:\Users\a\AppData\Local\Programs\Microsoft VS Code\bin;C:\Program Files\heroku\bin
USERNAME=a
OS=Windows_NT
PROCESSOR_IDENTIFIER=Intel64 Family 6 Model 142 Stepping 9, GenuineIntel



---------------  S Y S T E M  ---------------

OS: Windows 10.0 , 64 bit Build 17134 (10.0.17134.1)

CPU:total 4 (initial active 4) (2 cores per cpu, 2 threads per core) family 6 model 142 stepping 9, cmov, cx8, fxsr, mmx, sse, sse2, sse3, ssse3, sse4.1, sse4.2, popcnt, avx, avx2, aes, clmul, erms, 3dnowpref, lzcnt, ht, tsc, tscinvbit, bmi1, bmi2, adx

Memory: 4k page, physical 16633036k(895908k free), swap 46012744k(200716k free)

vm_info: Java HotSpot(TM) 64-Bit Server VM (25.181-b13) for windows-amd64 JRE (1.8.0_181-b13), built on Jul  7 2018 04:01:33 by "java_re" with MS VC++ 10.0 (VS2010)

time: Thu Oct 25 09:45:04 2018
elapsed time: 0 seconds (0d 0h 0m 0s)

